<?xml version="1.0" encoding="UTF-8"?>
<testng-results ignored="0" total="1" passed="1" failed="0" skipped="0">
  <reporter-output>
  </reporter-output>
  <suite started-at="2024-03-28T20:34:15 IST" name="Default suite" finished-at="2024-03-28T20:34:43 IST" duration-ms="28133">
    <groups>
    </groups>
    <test started-at="2024-03-28T20:34:15 IST" name="Default test" finished-at="2024-03-28T20:34:43 IST" duration-ms="28133">
      <class name="Tsk6.seleniumTest.AppTest">
        <test-method signature="test1()[pri:0, instance:Tsk6.seleniumTest.AppTest@23c30a20]" started-at="2024-03-28T20:34:15 IST" name="test1" finished-at="2024-03-28T20:34:43 IST" duration-ms="28044" status="PASS">
          <reporter-output>
          </reporter-output>
        </test-method> <!-- test1 -->
      </class> <!-- Tsk6.seleniumTest.AppTest -->
    </test> <!-- Default test -->
  </suite> <!-- Default suite -->
</testng-results>
